This is pdfTeX, Version 3.141592653-2.6-1.40.26 (TeX Live 2024) (preloaded format=pdflatex 2024.10.26)  26 OCT 2024 15:49
entering extended mode
 restricted \write18 enabled.
 %&-line parsing enabled.
**CyberAmongus.tex
(./CyberAmongus.tex
LaTeX2e <2024-06-01> patch level 2
L3 programming layer <2024-10-09>
(c:/Users/Shawn/AppData/Roaming/TinyTeX/texmf-dist/tex/latex/base/article.cls
Document Class: article 2024/02/08 v1.4n Standard LaTeX document class
(c:/Users/Shawn/AppData/Roaming/TinyTeX/texmf-dist/tex/latex/base/size10.clo
File: size10.clo 2024/02/08 v1.4n Standard LaTeX file (size option)
)
\c@part=\count194
\c@section=\count195
\c@subsection=\count196
\c@subsubsection=\count197
\c@paragraph=\count198
\c@subparagraph=\count199
\c@figure=\count266
\c@table=\count267
\abovecaptionskip=\skip49
\belowcaptionskip=\skip50
\bibindent=\dimen141
) (c:/Users/Shawn/AppData/Roaming/TinyTeX/texmf-dist/tex/latex/amsmath/amsmath.sty
Package: amsmath 2024/05/23 v2.17q AMS math features
\@mathmargin=\skip51
For additional information on amsmath, use the `?' option.
(c:/Users/Shawn/AppData/Roaming/TinyTeX/texmf-dist/tex/latex/amsmath/amstext.sty
Package: amstext 2021/08/26 v2.01 AMS text
(c:/Users/Shawn/AppData/Roaming/TinyTeX/texmf-dist/tex/latex/amsmath/amsgen.sty
File: amsgen.sty 1999/11/30 v2.0 generic functions
\@emptytoks=\toks17
\ex@=\dimen142
)) (c:/Users/Shawn/AppData/Roaming/TinyTeX/texmf-dist/tex/latex/amsmath/amsbsy.sty
Package: amsbsy 1999/11/29 v1.2d Bold Symbols
\pmbraise@=\dimen143
) (c:/Users/Shawn/AppData/Roaming/TinyTeX/texmf-dist/tex/latex/amsmath/amsopn.sty
Package: amsopn 2022/04/08 v2.04 operator names
)
\inf@bad=\count268
LaTeX Info: Redefining \frac on input line 233.
\uproot@=\count269
\leftroot@=\count270
LaTeX Info: Redefining \overline on input line 398.
LaTeX Info: Redefining \colon on input line 409.
\classnum@=\count271
\DOTSCASE@=\count272
LaTeX Info: Redefining \ldots on input line 495.
LaTeX Info: Redefining \dots on input line 498.
LaTeX Info: Redefining \cdots on input line 619.
\Mathstrutbox@=\box52
\strutbox@=\box53
LaTeX Info: Redefining \big on input line 721.
LaTeX Info: Redefining \Big on input line 722.
LaTeX Info: Redefining \bigg on input line 723.
LaTeX Info: Redefining \Bigg on input line 724.
\big@size=\dimen144
LaTeX Font Info:    Redeclaring font encoding OML on input line 742.
LaTeX Font Info:    Redeclaring font encoding OMS on input line 743.
\macc@depth=\count273
LaTeX Info: Redefining \bmod on input line 904.
LaTeX Info: Redefining \pmod on input line 909.
LaTeX Info: Redefining \smash on input line 939.
LaTeX Info: Redefining \relbar on input line 969.
LaTeX Info: Redefining \Relbar on input line 970.
\c@MaxMatrixCols=\count274
\dotsspace@=\muskip17
\c@parentequation=\count275
\dspbrk@lvl=\count276
\tag@help=\toks18
\row@=\count277
\column@=\count278
\maxfields@=\count279
\andhelp@=\toks19
\eqnshift@=\dimen145
\alignsep@=\dimen146
\tagshift@=\dimen147
\tagwidth@=\dimen148
\totwidth@=\dimen149
\lineht@=\dimen150
\@envbody=\toks20
\multlinegap=\skip52
\multlinetaggap=\skip53
\mathdisplay@stack=\toks21
LaTeX Info: Redefining \[ on input line 2953.
LaTeX Info: Redefining \] on input line 2954.
) (c:/Users/Shawn/AppData/Roaming/TinyTeX/texmf-dist/tex/latex/amsfonts/amssymb.sty
Package: amssymb 2013/01/14 v3.01 AMS font symbols
(c:/Users/Shawn/AppData/Roaming/TinyTeX/texmf-dist/tex/latex/amsfonts/amsfonts.sty
Package: amsfonts 2013/01/14 v3.01 Basic AMSFonts support
\symAMSa=\mathgroup4
\symAMSb=\mathgroup5
LaTeX Font Info:    Redeclaring math symbol \hbar on input line 98.
LaTeX Font Info:    Overwriting math alphabet `\mathfrak' in version `bold'
(Font)                  U/euf/m/n --> U/euf/b/n on input line 106.
)) (c:/Users/Shawn/AppData/Roaming/TinyTeX/texmf-dist/tex/generic/iftex/iftex.sty
Package: iftex 2022/02/03 v1.0f TeX engine tests
) (c:/Users/Shawn/AppData/Roaming/TinyTeX/texmf-dist/tex/latex/base/fontenc.sty
Package: fontenc 2021/04/29 v2.0v Standard LaTeX package
) (c:/Users/Shawn/AppData/Roaming/TinyTeX/texmf-dist/tex/latex/base/inputenc.sty
Package: inputenc 2024/02/08 v1.3d Input encoding file
\inpenc@prehook=\toks22
\inpenc@posthook=\toks23
) (c:/Users/Shawn/AppData/Roaming/TinyTeX/texmf-dist/tex/latex/base/textcomp.sty
Package: textcomp 2024/04/24 v2.1b Standard LaTeX package
) (c:/Users/Shawn/AppData/Roaming/TinyTeX/texmf-dist/tex/latex/lm/lmodern.sty
Package: lmodern 2015/05/01 v1.6.1 Latin Modern Fonts
LaTeX Font Info:    Overwriting symbol font `operators' in version `normal'
(Font)                  OT1/cmr/m/n --> OT1/lmr/m/n on input line 22.
LaTeX Font Info:    Overwriting symbol font `letters' in version `normal'
(Font)                  OML/cmm/m/it --> OML/lmm/m/it on input line 23.
LaTeX Font Info:    Overwriting symbol font `symbols' in version `normal'
(Font)                  OMS/cmsy/m/n --> OMS/lmsy/m/n on input line 24.
LaTeX Font Info:    Overwriting symbol font `largesymbols' in version `normal'
(Font)                  OMX/cmex/m/n --> OMX/lmex/m/n on input line 25.
LaTeX Font Info:    Overwriting symbol font `operators' in version `bold'
(Font)                  OT1/cmr/bx/n --> OT1/lmr/bx/n on input line 26.
LaTeX Font Info:    Overwriting symbol font `letters' in version `bold'
(Font)                  OML/cmm/b/it --> OML/lmm/b/it on input line 27.
LaTeX Font Info:    Overwriting symbol font `symbols' in version `bold'
(Font)                  OMS/cmsy/b/n --> OMS/lmsy/b/n on input line 28.
LaTeX Font Info:    Overwriting symbol font `largesymbols' in version `bold'
(Font)                  OMX/cmex/m/n --> OMX/lmex/m/n on input line 29.
LaTeX Font Info:    Overwriting math alphabet `\mathbf' in version `normal'
(Font)                  OT1/cmr/bx/n --> OT1/lmr/bx/n on input line 31.
LaTeX Font Info:    Overwriting math alphabet `\mathsf' in version `normal'
(Font)                  OT1/cmss/m/n --> OT1/lmss/m/n on input line 32.
LaTeX Font Info:    Overwriting math alphabet `\mathit' in version `normal'
(Font)                  OT1/cmr/m/it --> OT1/lmr/m/it on input line 33.
LaTeX Font Info:    Overwriting math alphabet `\mathtt' in version `normal'
(Font)                  OT1/cmtt/m/n --> OT1/lmtt/m/n on input line 34.
LaTeX Font Info:    Overwriting math alphabet `\mathbf' in version `bold'
(Font)                  OT1/cmr/bx/n --> OT1/lmr/bx/n on input line 35.
LaTeX Font Info:    Overwriting math alphabet `\mathsf' in version `bold'
(Font)                  OT1/cmss/bx/n --> OT1/lmss/bx/n on input line 36.
LaTeX Font Info:    Overwriting math alphabet `\mathit' in version `bold'
(Font)                  OT1/cmr/bx/it --> OT1/lmr/bx/it on input line 37.
LaTeX Font Info:    Overwriting math alphabet `\mathtt' in version `bold'
(Font)                  OT1/cmtt/m/n --> OT1/lmtt/m/n on input line 38.
) (c:/Users/Shawn/AppData/Roaming/TinyTeX/texmf-dist/tex/latex/xcolor/xcolor.sty
Package: xcolor 2024/09/29 v3.02 LaTeX color extensions (UK)
(c:/Users/Shawn/AppData/Roaming/TinyTeX/texmf-dist/tex/latex/graphics-cfg/color.cfg
File: color.cfg 2016/01/02 v1.6 sample color configuration
)
Package xcolor Info: Driver file: pdftex.def on input line 274.
(c:/Users/Shawn/AppData/Roaming/TinyTeX/texmf-dist/tex/latex/graphics-def/pdftex.def
File: pdftex.def 2024/04/13 v1.2c Graphics/color driver for pdftex
) (c:/Users/Shawn/AppData/Roaming/TinyTeX/texmf-dist/tex/latex/graphics/mathcolor.ltx)
Package xcolor Info: Model `cmy' substituted by `cmy0' on input line 1349.
Package xcolor Info: Model `hsb' substituted by `rgb' on input line 1353.
Package xcolor Info: Model `RGB' extended on input line 1365.
Package xcolor Info: Model `HTML' substituted by `rgb' on input line 1367.
Package xcolor Info: Model `Hsb' substituted by `hsb' on input line 1368.
Package xcolor Info: Model `tHsb' substituted by `hsb' on input line 1369.
Package xcolor Info: Model `HSB' substituted by `hsb' on input line 1370.
Package xcolor Info: Model `Gray' substituted by `gray' on input line 1371.
Package xcolor Info: Model `wave' substituted by `hsb' on input line 1372.
) (c:/Users/Shawn/AppData/Roaming/TinyTeX/texmf-dist/tex/latex/geometry/geometry.sty
Package: geometry 2020/01/02 v5.9 Page Geometry
(c:/Users/Shawn/AppData/Roaming/TinyTeX/texmf-dist/tex/latex/graphics/keyval.sty
Package: keyval 2022/05/29 v1.15 key=value parser (DPC)
\KV@toks@=\toks24
) (c:/Users/Shawn/AppData/Roaming/TinyTeX/texmf-dist/tex/generic/iftex/ifvtex.sty
Package: ifvtex 2019/10/25 v1.7 ifvtex legacy package. Use iftex instead.
)
\Gm@cnth=\count280
\Gm@cntv=\count281
\c@Gm@tempcnt=\count282
\Gm@bindingoffset=\dimen151
\Gm@wd@mp=\dimen152
\Gm@odd@mp=\dimen153
\Gm@even@mp=\dimen154
\Gm@layoutwidth=\dimen155
\Gm@layoutheight=\dimen156
\Gm@layouthoffset=\dimen157
\Gm@layoutvoffset=\dimen158
\Gm@dimlist=\toks25
) (c:/Users/Shawn/AppData/Roaming/TinyTeX/texmf-dist/tex/latex/fancyvrb/fancyvrb.sty
Package: fancyvrb 2024/01/20 4.5c verbatim text (tvz,hv)
\FV@CodeLineNo=\count283
\FV@InFile=\read2
\FV@TabBox=\box54
\c@FancyVerbLine=\count284
\FV@StepNumber=\count285
\FV@OutFile=\write3
) (c:/Users/Shawn/AppData/Roaming/TinyTeX/texmf-dist/tex/latex/framed/framed.sty
Package: framed 2011/10/22 v 0.96: framed or shaded text with page breaks
\OuterFrameSep=\skip54
\fb@frw=\dimen159
\fb@frh=\dimen160
\FrameRule=\dimen161
\FrameSep=\dimen162
) (c:/Users/Shawn/AppData/Roaming/TinyTeX/texmf-dist/tex/latex/graphics/graphicx.sty
Package: graphicx 2021/09/16 v1.2d Enhanced LaTeX Graphics (DPC,SPQR)
(c:/Users/Shawn/AppData/Roaming/TinyTeX/texmf-dist/tex/latex/graphics/graphics.sty
Package: graphics 2024/05/23 v1.4g Standard LaTeX Graphics (DPC,SPQR)
(c:/Users/Shawn/AppData/Roaming/TinyTeX/texmf-dist/tex/latex/graphics/trig.sty
Package: trig 2023/12/02 v1.11 sin cos tan (DPC)
) (c:/Users/Shawn/AppData/Roaming/TinyTeX/texmf-dist/tex/latex/graphics-cfg/graphics.cfg
File: graphics.cfg 2016/06/04 v1.11 sample graphics configuration
)
Package graphics Info: Driver file: pdftex.def on input line 106.
)
\Gin@req@height=\dimen163
\Gin@req@width=\dimen164
) (c:/Users/Shawn/AppData/Roaming/TinyTeX/texmf-dist/tex/latex/bookmark/bookmark.sty
Package: bookmark 2023-12-10 v1.31 PDF bookmarks (HO)
(c:/Users/Shawn/AppData/Roaming/TinyTeX/texmf-dist/tex/latex/hyperref/hyperref.sty
Package: hyperref 2024-07-10 v7.01j Hypertext links for LaTeX
(c:/Users/Shawn/AppData/Roaming/TinyTeX/texmf-dist/tex/latex/kvsetkeys/kvsetkeys.sty
Package: kvsetkeys 2022-10-05 v1.19 Key value parser (HO)
) (c:/Users/Shawn/AppData/Roaming/TinyTeX/texmf-dist/tex/generic/kvdefinekeys/kvdefinekeys.sty
Package: kvdefinekeys 2019-12-19 v1.6 Define keys (HO)
) (c:/Users/Shawn/AppData/Roaming/TinyTeX/texmf-dist/tex/generic/pdfescape/pdfescape.sty
Package: pdfescape 2019/12/09 v1.15 Implements pdfTeX's escape features (HO)
(c:/Users/Shawn/AppData/Roaming/TinyTeX/texmf-dist/tex/generic/ltxcmds/ltxcmds.sty
Package: ltxcmds 2023-12-04 v1.26 LaTeX kernel commands for general use (HO)
) (c:/Users/Shawn/AppData/Roaming/TinyTeX/texmf-dist/tex/generic/pdftexcmds/pdftexcmds.sty
Package: pdftexcmds 2020-06-27 v0.33 Utility functions of pdfTeX for LuaTeX (HO)
(c:/Users/Shawn/AppData/Roaming/TinyTeX/texmf-dist/tex/generic/infwarerr/infwarerr.sty
Package: infwarerr 2019/12/03 v1.5 Providing info/warning/error messages (HO)
)
Package pdftexcmds Info: \pdf@primitive is available.
Package pdftexcmds Info: \pdf@ifprimitive is available.
Package pdftexcmds Info: \pdfdraftmode found.
)) (c:/Users/Shawn/AppData/Roaming/TinyTeX/texmf-dist/tex/latex/hycolor/hycolor.sty
Package: hycolor 2020-01-27 v1.10 Color options for hyperref/bookmark (HO)
) (c:/Users/Shawn/AppData/Roaming/TinyTeX/texmf-dist/tex/latex/hyperref/nameref.sty
Package: nameref 2023-11-26 v2.56 Cross-referencing by name of section
(c:/Users/Shawn/AppData/Roaming/TinyTeX/texmf-dist/tex/latex/refcount/refcount.sty
Package: refcount 2019/12/15 v3.6 Data extraction from label references (HO)
) (c:/Users/Shawn/AppData/Roaming/TinyTeX/texmf-dist/tex/generic/gettitlestring/gettitlestring.sty
Package: gettitlestring 2019/12/15 v1.6 Cleanup title references (HO)
(c:/Users/Shawn/AppData/Roaming/TinyTeX/texmf-dist/tex/latex/kvoptions/kvoptions.sty
Package: kvoptions 2022-06-15 v3.15 Key value format for package options (HO)
))
\c@section@level=\count286
) (c:/Users/Shawn/AppData/Roaming/TinyTeX/texmf-dist/tex/latex/etoolbox/etoolbox.sty
Package: etoolbox 2020/10/05 v2.5k e-TeX tools for LaTeX (JAW)
\etb@tempcnta=\count287
) (c:/Users/Shawn/AppData/Roaming/TinyTeX/texmf-dist/tex/generic/stringenc/stringenc.sty
Package: stringenc 2019/11/29 v1.12 Convert strings between diff. encodings (HO)
)
\@linkdim=\dimen165
\Hy@linkcounter=\count288
\Hy@pagecounter=\count289
(c:/Users/Shawn/AppData/Roaming/TinyTeX/texmf-dist/tex/latex/hyperref/pd1enc.def
File: pd1enc.def 2024-07-10 v7.01j Hyperref: PDFDocEncoding definition (HO)
Now handling font encoding PD1 ...
... no UTF-8 mapping file for font encoding PD1
) (c:/Users/Shawn/AppData/Roaming/TinyTeX/texmf-dist/tex/generic/intcalc/intcalc.sty
Package: intcalc 2019/12/15 v1.3 Expandable calculations with integers (HO)
)
\Hy@SavedSpaceFactor=\count290
(c:/Users/Shawn/AppData/Roaming/TinyTeX/texmf-dist/tex/latex/hyperref/puenc.def
File: puenc.def 2024-07-10 v7.01j Hyperref: PDF Unicode definition (HO)
Now handling font encoding PU ...
... no UTF-8 mapping file for font encoding PU
)
Package hyperref Info: Option `unicode' set `true' on input line 4040.
Package hyperref Info: Hyper figures OFF on input line 4157.
Package hyperref Info: Link nesting OFF on input line 4162.
Package hyperref Info: Hyper index ON on input line 4165.
Package hyperref Info: Plain pages OFF on input line 4172.
Package hyperref Info: Backreferencing OFF on input line 4177.
Package hyperref Info: Implicit mode ON; LaTeX internals redefined.
Package hyperref Info: Bookmarks ON on input line 4424.
\c@Hy@tempcnt=\count291
(c:/Users/Shawn/AppData/Roaming/TinyTeX/texmf-dist/tex/latex/url/url.sty
\Urlmuskip=\muskip18
Package: url 2013/09/16  ver 3.4  Verb mode for urls, etc.
)
LaTeX Info: Redefining \url on input line 4763.
\XeTeXLinkMargin=\dimen166
(c:/Users/Shawn/AppData/Roaming/TinyTeX/texmf-dist/tex/generic/bitset/bitset.sty
Package: bitset 2019/12/09 v1.3 Handle bit-vector datatype (HO)
(c:/Users/Shawn/AppData/Roaming/TinyTeX/texmf-dist/tex/generic/bigintcalc/bigintcalc.sty
Package: bigintcalc 2019/12/15 v1.5 Expandable calculations on big integers (HO)
))
\Fld@menulength=\count292
\Field@Width=\dimen167
\Fld@charsize=\dimen168
Package hyperref Info: Hyper figures OFF on input line 6042.
Package hyperref Info: Link nesting OFF on input line 6047.
Package hyperref Info: Hyper index ON on input line 6050.
Package hyperref Info: backreferencing OFF on input line 6057.
Package hyperref Info: Link coloring OFF on input line 6062.
Package hyperref Info: Link coloring with OCG OFF on input line 6067.
Package hyperref Info: PDF/A mode OFF on input line 6072.
(c:/Users/Shawn/AppData/Roaming/TinyTeX/texmf-dist/tex/latex/base/atbegshi-ltx.sty
Package: atbegshi-ltx 2021/01/10 v1.0c Emulation of the original atbegshi
package with kernel methods
)
\Hy@abspage=\count293
\c@Item=\count294
\c@Hfootnote=\count295
)
Package hyperref Info: Driver (autodetected): hpdftex.
(c:/Users/Shawn/AppData/Roaming/TinyTeX/texmf-dist/tex/latex/hyperref/hpdftex.def
File: hpdftex.def 2024-07-10 v7.01j Hyperref driver for pdfTeX
(c:/Users/Shawn/AppData/Roaming/TinyTeX/texmf-dist/tex/latex/base/atveryend-ltx.sty
Package: atveryend-ltx 2020/08/19 v1.0a Emulation of the original atveryend package
with kernel methods
)
\Fld@listcount=\count296
\c@bookmark@seq@number=\count297
(c:/Users/Shawn/AppData/Roaming/TinyTeX/texmf-dist/tex/latex/rerunfilecheck/rerunfilecheck.sty
Package: rerunfilecheck 2022-07-10 v1.10 Rerun checks for auxiliary files (HO)
(c:/Users/Shawn/AppData/Roaming/TinyTeX/texmf-dist/tex/generic/uniquecounter/uniquecounter.sty
Package: uniquecounter 2019/12/15 v1.4 Provide unlimited unique counter (HO)
)
Package uniquecounter Info: New unique counter `rerunfilecheck' on input line 285.
)
\Hy@SectionHShift=\skip55
) (c:/Users/Shawn/AppData/Roaming/TinyTeX/texmf-dist/tex/latex/bookmark/bkm-pdftex.def
File: bkm-pdftex.def 2023-12-10 v1.31 bookmark driver for pdfTeX and luaTeX (HO)
\BKM@id=\count298
))
LaTeX Font Info:    Trying to load font information for T1+lmr on input line 113.
(c:/Users/Shawn/AppData/Roaming/TinyTeX/texmf-dist/tex/latex/lm/t1lmr.fd
File: t1lmr.fd 2015/05/01 v1.6.1 Font defs for Latin Modern
) (c:/Users/Shawn/AppData/Roaming/TinyTeX/texmf-dist/tex/latex/l3backend/l3backend-pdftex.def
File: l3backend-pdftex.def 2024-05-08 L3 backend support: PDF output (pdfTeX)
\l__color_backend_stack_int=\count299
\l__pdf_internal_box=\box55
)
No file CyberAmongus.aux.
\openout1 = `CyberAmongus.aux'.

LaTeX Font Info:    Checking defaults for OML/cmm/m/it on input line 113.
LaTeX Font Info:    ... okay on input line 113.
LaTeX Font Info:    Checking defaults for OMS/cmsy/m/n on input line 113.
LaTeX Font Info:    ... okay on input line 113.
LaTeX Font Info:    Checking defaults for OT1/cmr/m/n on input line 113.
LaTeX Font Info:    ... okay on input line 113.
LaTeX Font Info:    Checking defaults for T1/cmr/m/n on input line 113.
LaTeX Font Info:    ... okay on input line 113.
LaTeX Font Info:    Checking defaults for TS1/cmr/m/n on input line 113.
LaTeX Font Info:    ... okay on input line 113.
LaTeX Font Info:    Checking defaults for OMX/cmex/m/n on input line 113.
LaTeX Font Info:    ... okay on input line 113.
LaTeX Font Info:    Checking defaults for U/cmr/m/n on input line 113.
LaTeX Font Info:    ... okay on input line 113.
LaTeX Font Info:    Checking defaults for PD1/pdf/m/n on input line 113.
LaTeX Font Info:    ... okay on input line 113.
LaTeX Font Info:    Checking defaults for PU/pdf/m/n on input line 113.
LaTeX Font Info:    ... okay on input line 113.
(c:/Users/Shawn/AppData/Roaming/TinyTeX/texmf-dist/tex/latex/epstopdf-pkg/epstopdf-base.sty
Package: epstopdf-base 2020-01-24 v2.11 Base part for package epstopdf
Package epstopdf-base Info: Redefining graphics rule for `.eps' on input line 485.
(c:/Users/Shawn/AppData/Roaming/TinyTeX/texmf-dist/tex/latex/latexconfig/epstopdf-sys.cfg
File: epstopdf-sys.cfg 2010/07/13 v1.3 Configuration of (r)epstopdf for TeX Live
))
*geometry* driver: auto-detecting
*geometry* detected driver: pdftex
*geometry* verbose mode - [ preamble ] result:
* driver: pdftex
* paper: <default>
* layout: <same size as paper>
* layoutoffset:(h,v)=(0.0pt,0.0pt)
* modes: 
* h-part:(L,W,R)=(72.26999pt, 469.75502pt, 72.26999pt)
* v-part:(T,H,B)=(72.26999pt, 650.43001pt, 72.26999pt)
* \paperwidth=614.295pt
* \paperheight=794.96999pt
* \textwidth=469.75502pt
* \textheight=650.43001pt
* \oddsidemargin=0.0pt
* \evensidemargin=0.0pt
* \topmargin=-37.0pt
* \headheight=12.0pt
* \headsep=25.0pt
* \topskip=10.0pt
* \footskip=30.0pt
* \marginparwidth=65.0pt
* \marginparsep=11.0pt
* \columnsep=10.0pt
* \skip\footins=9.0pt plus 4.0pt minus 2.0pt
* \hoffset=0.0pt
* \voffset=0.0pt
* \mag=1000
* \@twocolumnfalse
* \@twosidefalse
* \@mparswitchfalse
* \@reversemarginfalse
* (1in=72.27pt=25.4mm, 1cm=28.453pt)

Package hyperref Info: Link coloring OFF on input line 113.
LaTeX Font Info:    Trying to load font information for OT1+lmr on input line 115.
(c:/Users/Shawn/AppData/Roaming/TinyTeX/texmf-dist/tex/latex/lm/ot1lmr.fd
File: ot1lmr.fd 2015/05/01 v1.6.1 Font defs for Latin Modern
)
LaTeX Font Info:    Trying to load font information for OML+lmm on input line 115.
(c:/Users/Shawn/AppData/Roaming/TinyTeX/texmf-dist/tex/latex/lm/omllmm.fd
File: omllmm.fd 2015/05/01 v1.6.1 Font defs for Latin Modern
)
LaTeX Font Info:    Trying to load font information for OMS+lmsy on input line 115.
(c:/Users/Shawn/AppData/Roaming/TinyTeX/texmf-dist/tex/latex/lm/omslmsy.fd
File: omslmsy.fd 2015/05/01 v1.6.1 Font defs for Latin Modern
)
LaTeX Font Info:    Trying to load font information for OMX+lmex on input line 115.
(c:/Users/Shawn/AppData/Roaming/TinyTeX/texmf-dist/tex/latex/lm/omxlmex.fd
File: omxlmex.fd 2015/05/01 v1.6.1 Font defs for Latin Modern
)
LaTeX Font Info:    External font `lmex10' loaded for size
(Font)              <12> on input line 115.
LaTeX Font Info:    External font `lmex10' loaded for size
(Font)              <8> on input line 115.
LaTeX Font Info:    External font `lmex10' loaded for size
(Font)              <6> on input line 115.
LaTeX Font Info:    Trying to load font information for U+msa on input line 115.
(c:/Users/Shawn/AppData/Roaming/TinyTeX/texmf-dist/tex/latex/amsfonts/umsa.fd
File: umsa.fd 2013/01/14 v3.01 AMS symbols A
)
LaTeX Font Info:    Trying to load font information for U+msb on input line 115.
(c:/Users/Shawn/AppData/Roaming/TinyTeX/texmf-dist/tex/latex/amsfonts/umsb.fd
File: umsb.fd 2013/01/14 v3.01 AMS symbols B
)
No file CyberAmongus.toc.
\tf@toc=\write4
\openout4 = `CyberAmongus.toc'.

LaTeX Font Info:    Trying to load font information for T1+lmtt on input line 134.
(c:/Users/Shawn/AppData/Roaming/TinyTeX/texmf-dist/tex/latex/lm/t1lmtt.fd
File: t1lmtt.fd 2015/05/01 v1.6.1 Font defs for Latin Modern
)
LaTeX Font Info:    Font shape `T1/lmtt/bx/n' in size <10> not available
(Font)              Font shape `T1/lmtt/b/n' tried instead on input line 135.


[1

{c:/Users/Shawn/AppData/Roaming/TinyTeX/texmf-var/fonts/map/pdftex/updmap/pdftex.map}{c:/Users/Shawn/AppData/Roaming/TinyTeX/texmf-dist/fonts/enc/dvips/lm/lm-ec.enc}]

[2]

[3]
Overfull \hbox (259.99286pt too wide) in paragraph at lines 398--398
[]\T1/lmtt/m/n/10 ## [1] "Extracted username from C:\\Users\\Shawn\\Documents\\CyberAmongus\\r4.2\\answers\\answers\\r4.2-1/r4.2-1-AAM0658.csv : AAM0658.csv"[] 
 []


Overfull \hbox (259.99286pt too wide) in paragraph at lines 398--398
[]\T1/lmtt/m/n/10 ## [1] "Extracted username from C:\\Users\\Shawn\\Documents\\CyberAmongus\\r4.2\\answers\\answers\\r4.2-1/r4.2-1-AJR0932.csv : AJR0932.csv"[] 
 []


Overfull \hbox (259.99286pt too wide) in paragraph at lines 398--398
[]\T1/lmtt/m/n/10 ## [1] "Extracted username from C:\\Users\\Shawn\\Documents\\CyberAmongus\\r4.2\\answers\\answers\\r4.2-1/r4.2-1-BDV0168.csv : BDV0168.csv"[] 
 []


Overfull \hbox (259.99286pt too wide) in paragraph at lines 398--398
[]\T1/lmtt/m/n/10 ## [1] "Extracted username from C:\\Users\\Shawn\\Documents\\CyberAmongus\\r4.2\\answers\\answers\\r4.2-1/r4.2-1-BIH0745.csv : BIH0745.csv"[] 
 []


Overfull \hbox (259.99286pt too wide) in paragraph at lines 398--398
[]\T1/lmtt/m/n/10 ## [1] "Extracted username from C:\\Users\\Shawn\\Documents\\CyberAmongus\\r4.2\\answers\\answers\\r4.2-1/r4.2-1-BLS0678.csv : BLS0678.csv"[] 
 []


Overfull \hbox (259.99286pt too wide) in paragraph at lines 398--398
[]\T1/lmtt/m/n/10 ## [1] "Extracted username from C:\\Users\\Shawn\\Documents\\CyberAmongus\\r4.2\\answers\\answers\\r4.2-1/r4.2-1-BTL0226.csv : BTL0226.csv"[] 
 []


Overfull \hbox (259.99286pt too wide) in paragraph at lines 398--398
[]\T1/lmtt/m/n/10 ## [1] "Extracted username from C:\\Users\\Shawn\\Documents\\CyberAmongus\\r4.2\\answers\\answers\\r4.2-1/r4.2-1-CAH0936.csv : CAH0936.csv"[] 
 []


Overfull \hbox (259.99286pt too wide) in paragraph at lines 398--398
[]\T1/lmtt/m/n/10 ## [1] "Extracted username from C:\\Users\\Shawn\\Documents\\CyberAmongus\\r4.2\\answers\\answers\\r4.2-1/r4.2-1-DCH0843.csv : DCH0843.csv"[] 
 []


Overfull \hbox (259.99286pt too wide) in paragraph at lines 398--398
[]\T1/lmtt/m/n/10 ## [1] "Extracted username from C:\\Users\\Shawn\\Documents\\CyberAmongus\\r4.2\\answers\\answers\\r4.2-1/r4.2-1-EHB0824.csv : EHB0824.csv"[] 
 []


Overfull \hbox (259.99286pt too wide) in paragraph at lines 398--398
[]\T1/lmtt/m/n/10 ## [1] "Extracted username from C:\\Users\\Shawn\\Documents\\CyberAmongus\\r4.2\\answers\\answers\\r4.2-1/r4.2-1-EHD0584.csv : EHD0584.csv"[] 
 []


Overfull \hbox (259.99286pt too wide) in paragraph at lines 398--398
[]\T1/lmtt/m/n/10 ## [1] "Extracted username from C:\\Users\\Shawn\\Documents\\CyberAmongus\\r4.2\\answers\\answers\\r4.2-1/r4.2-1-FMG0527.csv : FMG0527.csv"[] 
 []


Overfull \hbox (259.99286pt too wide) in paragraph at lines 398--398
[]\T1/lmtt/m/n/10 ## [1] "Extracted username from C:\\Users\\Shawn\\Documents\\CyberAmongus\\r4.2\\answers\\answers\\r4.2-1/r4.2-1-FTM0406.csv : FTM0406.csv"[] 
 []


Overfull \hbox (259.99286pt too wide) in paragraph at lines 398--398
[]\T1/lmtt/m/n/10 ## [1] "Extracted username from C:\\Users\\Shawn\\Documents\\CyberAmongus\\r4.2\\answers\\answers\\r4.2-1/r4.2-1-GHL0460.csv : GHL0460.csv"[] 
 []


Overfull \hbox (259.99286pt too wide) in paragraph at lines 398--398
[]\T1/lmtt/m/n/10 ## [1] "Extracted username from C:\\Users\\Shawn\\Documents\\CyberAmongus\\r4.2\\answers\\answers\\r4.2-1/r4.2-1-HJB0742.csv : HJB0742.csv"[] 
 []


Overfull \hbox (259.99286pt too wide) in paragraph at lines 398--398
[]\T1/lmtt/m/n/10 ## [1] "Extracted username from C:\\Users\\Shawn\\Documents\\CyberAmongus\\r4.2\\answers\\answers\\r4.2-1/r4.2-1-JMB0308.csv : JMB0308.csv"[] 
 []


Overfull \hbox (259.99286pt too wide) in paragraph at lines 398--398
[]\T1/lmtt/m/n/10 ## [1] "Extracted username from C:\\Users\\Shawn\\Documents\\CyberAmongus\\r4.2\\answers\\answers\\r4.2-1/r4.2-1-JRG0207.csv : JRG0207.csv"[] 
 []


Overfull \hbox (259.99286pt too wide) in paragraph at lines 398--398
[]\T1/lmtt/m/n/10 ## [1] "Extracted username from C:\\Users\\Shawn\\Documents\\CyberAmongus\\r4.2\\answers\\answers\\r4.2-1/r4.2-1-KLH0596.csv : KLH0596.csv"[] 
 []


Overfull \hbox (259.99286pt too wide) in paragraph at lines 398--398
[]\T1/lmtt/m/n/10 ## [1] "Extracted username from C:\\Users\\Shawn\\Documents\\CyberAmongus\\r4.2\\answers\\answers\\r4.2-1/r4.2-1-KPC0073.csv : KPC0073.csv"[] 
 []


Overfull \hbox (259.99286pt too wide) in paragraph at lines 398--398
[]\T1/lmtt/m/n/10 ## [1] "Extracted username from C:\\Users\\Shawn\\Documents\\CyberAmongus\\r4.2\\answers\\answers\\r4.2-1/r4.2-1-LJR0523.csv : LJR0523.csv"[] 
 []


Overfull \hbox (259.99286pt too wide) in paragraph at lines 398--398
[]\T1/lmtt/m/n/10 ## [1] "Extracted username from C:\\Users\\Shawn\\Documents\\CyberAmongus\\r4.2\\answers\\answers\\r4.2-1/r4.2-1-LQC0479.csv : LQC0479.csv"[] 
 []


Overfull \hbox (259.99286pt too wide) in paragraph at lines 398--398
[]\T1/lmtt/m/n/10 ## [1] "Extracted username from C:\\Users\\Shawn\\Documents\\CyberAmongus\\r4.2\\answers\\answers\\r4.2-1/r4.2-1-MAR0955.csv : MAR0955.csv"[] 
 []


Overfull \hbox (259.99286pt too wide) in paragraph at lines 398--398
[]\T1/lmtt/m/n/10 ## [1] "Extracted username from C:\\Users\\Shawn\\Documents\\CyberAmongus\\r4.2\\answers\\answers\\r4.2-1/r4.2-1-MAS0025.csv : MAS0025.csv"[] 
 []


Overfull \hbox (259.99286pt too wide) in paragraph at lines 398--398
[]\T1/lmtt/m/n/10 ## [1] "Extracted username from C:\\Users\\Shawn\\Documents\\CyberAmongus\\r4.2\\answers\\answers\\r4.2-1/r4.2-1-MCF0600.csv : MCF0600.csv"[] 
 []


Overfull \hbox (259.99286pt too wide) in paragraph at lines 398--398
[]\T1/lmtt/m/n/10 ## [1] "Extracted username from C:\\Users\\Shawn\\Documents\\CyberAmongus\\r4.2\\answers\\answers\\r4.2-1/r4.2-1-MYD0978.csv : MYD0978.csv"[] 
 []


Overfull \hbox (259.99286pt too wide) in paragraph at lines 398--398
[]\T1/lmtt/m/n/10 ## [1] "Extracted username from C:\\Users\\Shawn\\Documents\\CyberAmongus\\r4.2\\answers\\answers\\r4.2-1/r4.2-1-PPF0435.csv : PPF0435.csv"[] 
 []


Overfull \hbox (259.99286pt too wide) in paragraph at lines 398--398
[]\T1/lmtt/m/n/10 ## [1] "Extracted username from C:\\Users\\Shawn\\Documents\\CyberAmongus\\r4.2\\answers\\answers\\r4.2-1/r4.2-1-RAB0589.csv : RAB0589.csv"[] 
 []


Overfull \hbox (259.99286pt too wide) in paragraph at lines 398--398
[]\T1/lmtt/m/n/10 ## [1] "Extracted username from C:\\Users\\Shawn\\Documents\\CyberAmongus\\r4.2\\answers\\answers\\r4.2-1/r4.2-1-RGG0064.csv : RGG0064.csv"[] 
 []


Overfull \hbox (259.99286pt too wide) in paragraph at lines 398--398
[]\T1/lmtt/m/n/10 ## [1] "Extracted username from C:\\Users\\Shawn\\Documents\\CyberAmongus\\r4.2\\answers\\answers\\r4.2-1/r4.2-1-RKD0604.csv : RKD0604.csv"[] 
 []


Overfull \hbox (259.99286pt too wide) in paragraph at lines 398--398
[]\T1/lmtt/m/n/10 ## [1] "Extracted username from C:\\Users\\Shawn\\Documents\\CyberAmongus\\r4.2\\answers\\answers\\r4.2-1/r4.2-1-TAP0551.csv : TAP0551.csv"[] 
 []


Overfull \hbox (259.99286pt too wide) in paragraph at lines 398--398
[]\T1/lmtt/m/n/10 ## [1] "Extracted username from C:\\Users\\Shawn\\Documents\\CyberAmongus\\r4.2\\answers\\answers\\r4.2-1/r4.2-1-WDD0366.csv : WDD0366.csv"[] 
 []


Overfull \hbox (259.99286pt too wide) in paragraph at lines 398--398
[]\T1/lmtt/m/n/10 ## [1] "Extracted username from C:\\Users\\Shawn\\Documents\\CyberAmongus\\r4.2\\answers\\answers\\r4.2-2/r4.2-2-AAF0535.csv : AAF0535.csv"[] 
 []


Overfull \hbox (259.99286pt too wide) in paragraph at lines 398--398
[]\T1/lmtt/m/n/10 ## [1] "Extracted username from C:\\Users\\Shawn\\Documents\\CyberAmongus\\r4.2\\answers\\answers\\r4.2-2/r4.2-2-ABC0174.csv : ABC0174.csv"[] 
 []


Overfull \hbox (259.99286pt too wide) in paragraph at lines 398--398
[]\T1/lmtt/m/n/10 ## [1] "Extracted username from C:\\Users\\Shawn\\Documents\\CyberAmongus\\r4.2\\answers\\answers\\r4.2-2/r4.2-2-AKR0057.csv : AKR0057.csv"[] 
 []


Overfull \hbox (259.99286pt too wide) in paragraph at lines 398--398
[]\T1/lmtt/m/n/10 ## [1] "Extracted username from C:\\Users\\Shawn\\Documents\\CyberAmongus\\r4.2\\answers\\answers\\r4.2-2/r4.2-2-CCL0068.csv : CCL0068.csv"[] 
 []


Overfull \hbox (259.99286pt too wide) in paragraph at lines 398--398
[]\T1/lmtt/m/n/10 ## [1] "Extracted username from C:\\Users\\Shawn\\Documents\\CyberAmongus\\r4.2\\answers\\answers\\r4.2-2/r4.2-2-CEJ0109.csv : CEJ0109.csv"[] 
 []


Overfull \hbox (259.99286pt too wide) in paragraph at lines 398--398
[]\T1/lmtt/m/n/10 ## [1] "Extracted username from C:\\Users\\Shawn\\Documents\\CyberAmongus\\r4.2\\answers\\answers\\r4.2-2/r4.2-2-CQW0652.csv : CQW0652.csv"[] 
 []


Overfull \hbox (259.99286pt too wide) in paragraph at lines 398--398
[]\T1/lmtt/m/n/10 ## [1] "Extracted username from C:\\Users\\Shawn\\Documents\\CyberAmongus\\r4.2\\answers\\answers\\r4.2-2/r4.2-2-DIB0285.csv : DIB0285.csv"[] 
 []


Overfull \hbox (259.99286pt too wide) in paragraph at lines 398--398
[]\T1/lmtt/m/n/10 ## [1] "Extracted username from C:\\Users\\Shawn\\Documents\\CyberAmongus\\r4.2\\answers\\answers\\r4.2-2/r4.2-2-DRR0162.csv : DRR0162.csv"[] 
 []


Overfull \hbox (259.99286pt too wide) in paragraph at lines 398--398
[]\T1/lmtt/m/n/10 ## [1] "Extracted username from C:\\Users\\Shawn\\Documents\\CyberAmongus\\r4.2\\answers\\answers\\r4.2-2/r4.2-2-EDB0714.csv : EDB0714.csv"[] 
 []


Overfull \hbox (259.99286pt too wide) in paragraph at lines 398--398
[]\T1/lmtt/m/n/10 ## [1] "Extracted username from C:\\Users\\Shawn\\Documents\\CyberAmongus\\r4.2\\answers\\answers\\r4.2-2/r4.2-2-EGD0132.csv : EGD0132.csv"[] 
 []


Overfull \hbox (259.99286pt too wide) in paragraph at lines 398--398
[]\T1/lmtt/m/n/10 ## [1] "Extracted username from C:\\Users\\Shawn\\Documents\\CyberAmongus\\r4.2\\answers\\answers\\r4.2-2/r4.2-2-FSC0601.csv : FSC0601.csv"[] 
 []


Overfull \hbox (259.99286pt too wide) in paragraph at lines 398--398
[]\T1/lmtt/m/n/10 ## [1] "Extracted username from C:\\Users\\Shawn\\Documents\\CyberAmongus\\r4.2\\answers\\answers\\r4.2-2/r4.2-2-HBO0413.csv : HBO0413.csv"[] 
 []


Overfull \hbox (259.99286pt too wide) in paragraph at lines 398--398
[]\T1/lmtt/m/n/10 ## [1] "Extracted username from C:\\Users\\Shawn\\Documents\\CyberAmongus\\r4.2\\answers\\answers\\r4.2-2/r4.2-2-HXL0968.csv : HXL0968.csv"[] 
 []


Overfull \hbox (259.99286pt too wide) in paragraph at lines 398--398
[]\T1/lmtt/m/n/10 ## [1] "Extracted username from C:\\Users\\Shawn\\Documents\\CyberAmongus\\r4.2\\answers\\answers\\r4.2-2/r4.2-2-IJM0776.csv : IJM0776.csv"[] 
 []


Overfull \hbox (259.99286pt too wide) in paragraph at lines 398--398
[]\T1/lmtt/m/n/10 ## [1] "Extracted username from C:\\Users\\Shawn\\Documents\\CyberAmongus\\r4.2\\answers\\answers\\r4.2-2/r4.2-2-IKR0401.csv : IKR0401.csv"[] 
 []


Overfull \hbox (259.99286pt too wide) in paragraph at lines 398--398
[]\T1/lmtt/m/n/10 ## [1] "Extracted username from C:\\Users\\Shawn\\Documents\\CyberAmongus\\r4.2\\answers\\answers\\r4.2-2/r4.2-2-IUB0565.csv : IUB0565.csv"[] 
 []


Overfull \hbox (259.99286pt too wide) in paragraph at lines 398--398
[]\T1/lmtt/m/n/10 ## [1] "Extracted username from C:\\Users\\Shawn\\Documents\\CyberAmongus\\r4.2\\answers\\answers\\r4.2-2/r4.2-2-JJM0203.csv : JJM0203.csv"[] 
 []


Overfull \hbox (259.99286pt too wide) in paragraph at lines 398--398
[]\T1/lmtt/m/n/10 ## [1] "Extracted username from C:\\Users\\Shawn\\Documents\\CyberAmongus\\r4.2\\answers\\answers\\r4.2-2/r4.2-2-KRL0501.csv : KRL0501.csv"[] 
 []


Overfull \hbox (259.99286pt too wide) in paragraph at lines 398--398
[]\T1/lmtt/m/n/10 ## [1] "Extracted username from C:\\Users\\Shawn\\Documents\\CyberAmongus\\r4.2\\answers\\answers\\r4.2-2/r4.2-2-LCC0819.csv : LCC0819.csv"[] 
 []


Overfull \hbox (259.99286pt too wide) in paragraph at lines 398--398
[]\T1/lmtt/m/n/10 ## [1] "Extracted username from C:\\Users\\Shawn\\Documents\\CyberAmongus\\r4.2\\answers\\answers\\r4.2-2/r4.2-2-MDH0580.csv : MDH0580.csv"[] 
 []



[4]
Overfull \hbox (259.99286pt too wide) in paragraph at lines 398--398
[]\T1/lmtt/m/n/10 ## [1] "Extracted username from C:\\Users\\Shawn\\Documents\\CyberAmongus\\r4.2\\answers\\answers\\r4.2-2/r4.2-2-MOS0047.csv : MOS0047.csv"[] 
 []


Overfull \hbox (259.99286pt too wide) in paragraph at lines 398--398
[]\T1/lmtt/m/n/10 ## [1] "Extracted username from C:\\Users\\Shawn\\Documents\\CyberAmongus\\r4.2\\answers\\answers\\r4.2-2/r4.2-2-NWT0098.csv : NWT0098.csv"[] 
 []


Overfull \hbox (259.99286pt too wide) in paragraph at lines 398--398
[]\T1/lmtt/m/n/10 ## [1] "Extracted username from C:\\Users\\Shawn\\Documents\\CyberAmongus\\r4.2\\answers\\answers\\r4.2-2/r4.2-2-PNL0301.csv : PNL0301.csv"[] 
 []


Overfull \hbox (259.99286pt too wide) in paragraph at lines 398--398
[]\T1/lmtt/m/n/10 ## [1] "Extracted username from C:\\Users\\Shawn\\Documents\\CyberAmongus\\r4.2\\answers\\answers\\r4.2-2/r4.2-2-PSF0133.csv : PSF0133.csv"[] 
 []


Overfull \hbox (259.99286pt too wide) in paragraph at lines 398--398
[]\T1/lmtt/m/n/10 ## [1] "Extracted username from C:\\Users\\Shawn\\Documents\\CyberAmongus\\r4.2\\answers\\answers\\r4.2-2/r4.2-2-RAR0725.csv : RAR0725.csv"[] 
 []


Overfull \hbox (259.99286pt too wide) in paragraph at lines 398--398
[]\T1/lmtt/m/n/10 ## [1] "Extracted username from C:\\Users\\Shawn\\Documents\\CyberAmongus\\r4.2\\answers\\answers\\r4.2-2/r4.2-2-RHL0992.csv : RHL0992.csv"[] 
 []


Overfull \hbox (259.99286pt too wide) in paragraph at lines 398--398
[]\T1/lmtt/m/n/10 ## [1] "Extracted username from C:\\Users\\Shawn\\Documents\\CyberAmongus\\r4.2\\answers\\answers\\r4.2-2/r4.2-2-RMW0542.csv : RMW0542.csv"[] 
 []


Overfull \hbox (259.99286pt too wide) in paragraph at lines 398--398
[]\T1/lmtt/m/n/10 ## [1] "Extracted username from C:\\Users\\Shawn\\Documents\\CyberAmongus\\r4.2\\answers\\answers\\r4.2-2/r4.2-2-TNM0961.csv : TNM0961.csv"[] 
 []


Overfull \hbox (259.99286pt too wide) in paragraph at lines 398--398
[]\T1/lmtt/m/n/10 ## [1] "Extracted username from C:\\Users\\Shawn\\Documents\\CyberAmongus\\r4.2\\answers\\answers\\r4.2-2/r4.2-2-VSS0154.csv : VSS0154.csv"[] 
 []


Overfull \hbox (259.99286pt too wide) in paragraph at lines 398--398
[]\T1/lmtt/m/n/10 ## [1] "Extracted username from C:\\Users\\Shawn\\Documents\\CyberAmongus\\r4.2\\answers\\answers\\r4.2-2/r4.2-2-XHW0498.csv : XHW0498.csv"[] 
 []


Overfull \hbox (259.99286pt too wide) in paragraph at lines 398--398
[]\T1/lmtt/m/n/10 ## [1] "Extracted username from C:\\Users\\Shawn\\Documents\\CyberAmongus\\r4.2\\answers\\answers\\r4.2-3/r4.2-3-BBS0039.csv : BBS0039.csv"[] 
 []


Overfull \hbox (259.99286pt too wide) in paragraph at lines 398--398
[]\T1/lmtt/m/n/10 ## [1] "Extracted username from C:\\Users\\Shawn\\Documents\\CyberAmongus\\r4.2\\answers\\answers\\r4.2-3/r4.2-3-BSS0369.csv : BSS0369.csv"[] 
 []


Overfull \hbox (259.99286pt too wide) in paragraph at lines 398--398
[]\T1/lmtt/m/n/10 ## [1] "Extracted username from C:\\Users\\Shawn\\Documents\\CyberAmongus\\r4.2\\answers\\answers\\r4.2-3/r4.2-3-CCA0046.csv : CCA0046.csv"[] 
 []


Overfull \hbox (259.99286pt too wide) in paragraph at lines 398--398
[]\T1/lmtt/m/n/10 ## [1] "Extracted username from C:\\Users\\Shawn\\Documents\\CyberAmongus\\r4.2\\answers\\answers\\r4.2-3/r4.2-3-CSC0217.csv : CSC0217.csv"[] 
 []


Overfull \hbox (259.99286pt too wide) in paragraph at lines 398--398
[]\T1/lmtt/m/n/10 ## [1] "Extracted username from C:\\Users\\Shawn\\Documents\\CyberAmongus\\r4.2\\answers\\answers\\r4.2-3/r4.2-3-GTD0219.csv : GTD0219.csv"[] 
 []


Overfull \hbox (259.99286pt too wide) in paragraph at lines 398--398
[]\T1/lmtt/m/n/10 ## [1] "Extracted username from C:\\Users\\Shawn\\Documents\\CyberAmongus\\r4.2\\answers\\answers\\r4.2-3/r4.2-3-JGT0221.csv : JGT0221.csv"[] 
 []


Overfull \hbox (259.99286pt too wide) in paragraph at lines 398--398
[]\T1/lmtt/m/n/10 ## [1] "Extracted username from C:\\Users\\Shawn\\Documents\\CyberAmongus\\r4.2\\answers\\answers\\r4.2-3/r4.2-3-JLM0364.csv : JLM0364.csv"[] 
 []


Overfull \hbox (259.99286pt too wide) in paragraph at lines 398--398
[]\T1/lmtt/m/n/10 ## [1] "Extracted username from C:\\Users\\Shawn\\Documents\\CyberAmongus\\r4.2\\answers\\answers\\r4.2-3/r4.2-3-JTM0223.csv : JTM0223.csv"[] 
 []


Overfull \hbox (259.99286pt too wide) in paragraph at lines 398--398
[]\T1/lmtt/m/n/10 ## [1] "Extracted username from C:\\Users\\Shawn\\Documents\\CyberAmongus\\r4.2\\answers\\answers\\r4.2-3/r4.2-3-MPM0220.csv : MPM0220.csv"[] 
 []


Overfull \hbox (259.99286pt too wide) in paragraph at lines 398--398
[]\T1/lmtt/m/n/10 ## [1] "Extracted username from C:\\Users\\Shawn\\Documents\\CyberAmongus\\r4.2\\answers\\answers\\r4.2-3/r4.2-3-MSO0222.csv : MSO0222.csv"[] 
 []



[5]

[6]

[7]

[8]
LaTeX Font Info:    Trying to load font information for TS1+lmtt on input line 675.
(c:/Users/Shawn/AppData/Roaming/TinyTeX/texmf-dist/tex/latex/lm/ts1lmtt.fd
File: ts1lmtt.fd 2015/05/01 v1.6.1 Font defs for Latin Modern
)

[9{c:/Users/Shawn/AppData/Roaming/TinyTeX/texmf-dist/fonts/enc/dvips/lm/lm-ts1.enc}]

[10]
<CyberAmongus_files/figure-latex/unnamed-chunk-22-1.pdf, id=62, 469.755pt x 325.215pt>
File: CyberAmongus_files/figure-latex/unnamed-chunk-22-1.pdf Graphic file (type pdf)
<use CyberAmongus_files/figure-latex/unnamed-chunk-22-1.pdf>
Package pdftex.def Info: CyberAmongus_files/figure-latex/unnamed-chunk-22-1.pdf  used on input line 837.
(pdftex.def)             Requested size: 469.75386pt x 325.2142pt.

Underfull \hbox (badness 10000) in paragraph at lines 837--839
[][]
 []



[11]
<CyberAmongus_files/figure-latex/unnamed-chunk-23-1.pdf, id=68, 469.755pt x 325.215pt>
File: CyberAmongus_files/figure-latex/unnamed-chunk-23-1.pdf Graphic file (type pdf)
<use CyberAmongus_files/figure-latex/unnamed-chunk-23-1.pdf>
Package pdftex.def Info: CyberAmongus_files/figure-latex/unnamed-chunk-23-1.pdf  used on input line 850.
(pdftex.def)             Requested size: 469.75386pt x 325.2142pt.

Underfull \hbox (badness 10000) in paragraph at lines 850--853
[][]
 []



[12 <./CyberAmongus_files/figure-latex/unnamed-chunk-22-1.pdf>]
Overfull \hbox (2134.23741pt too wide) in paragraph at lines 889--889
[]\T1/lmtt/m/n/10 ##                                                                                                                                                                                                                                                                                                                                                                                                                                                                                                       content[] 
 []


Overfull \hbox (2134.23741pt too wide) in paragraph at lines 889--889
[]\T1/lmtt/m/n/10 ## 1                                                                                                                                                                                                                               D0-CF-11-E0-A1-B1-1A-E1 during difficulty overall cannons nonexistent threw authors leadership by rather under upper william an tip few savage expedition survey again trumbull could veteran too clearly single peak away own praise them snapped vessels against all toward[] 
 []


Overfull \hbox (2134.23741pt too wide) in paragraph at lines 889--889
[]\T1/lmtt/m/n/10 ## 2                                                                                       25-50-44-46-2D carpenters 25 landed strait display channel boats difficulty august 14 south plattsburgh dc effusive earnest roads added find prevent march nonexistent first large strait garage recently strait leading a about young discovery manage navigable draw paid 48 england four run negotiating pushing inferior 8 inferior finally finally used drew mass howe 200 74 it charge cause all advanced world[] 
 []


Overfull \hbox (2134.23741pt too wide) in paragraph at lines 889--889
[]\T1/lmtt/m/n/10 ## 3                                                                                                                                                                                                                                                                                   D0-CF-11-E0-A1-B1-1A-E1 union 24 declined imposed brain employee 21 low action deadlines rear excitement preference toward bullet frank analysis 393 went march hear again floor subdued supreme about do yes up bay ever[] 
 []


Overfull \hbox (2134.23741pt too wide) in paragraph at lines 889--889
[]\T1/lmtt/m/n/10 ## 4 D0-CF-11-E0-A1-B1-1A-E1 becoming period begin general much 1989 earlier black colleagues november 2011 used before him because conflict left concerned directions ignores wrist include executive mandate 50 over washington alternative nomination returned who developed dont king clearing martin began luther any good whisper deceased superior interview lined examination networks encountered individuals 1963 captured often suffered until image year radio maritime 8 patricks maintained twenty[] 
 []


Overfull \hbox (2134.23741pt too wide) in paragraph at lines 889--889
[]\T1/lmtt/m/n/10 ## 5                                                                                                                                                                                                                                                                                                                                                                                                                                                                                                       FF-D8[] 
 []



[13 <./CyberAmongus_files/figure-latex/unnamed-chunk-23-1.pdf>]
Overfull \hbox (2134.23741pt too wide) in paragraph at lines 889--889
[]\T1/lmtt/m/n/10 ## 6                                                                                                                                                               D0-CF-11-E0-A1-B1-1A-E1 county one able 1367 has 50 which king replaced annual linked carving square end grandson enough entirely guests these election administer suppose reason hammers 5000 privates south general eastern we deputy bunk furniture proved always horse nine time about five between investigate deliver worked 1945 loose[] 
 []


Overfull \hbox (1777.23845pt too wide) in paragraph at lines 933--933
[]\T1/lmtt/m/n/10 ##                                                                                                                                                                                                                                                                                                                                                                                                                                   content[] 
 []


Overfull \hbox (1777.23845pt too wide) in paragraph at lines 933--933
[]\T1/lmtt/m/n/10 ## 2                   25-50-44-46-2D carpenters 25 landed strait display channel boats difficulty august 14 south plattsburgh dc effusive earnest roads added find prevent march nonexistent first large strait garage recently strait leading a about young discovery manage navigable draw paid 48 england four run negotiating pushing inferior 8 inferior finally finally used drew mass howe 200 74 it charge cause all advanced world[] 
 []


Overfull \hbox (1777.23845pt too wide) in paragraph at lines 933--933
[]\T1/lmtt/m/n/10 ## 11                                                                                                                        25-50-44-46-2D found british conflict close there developed ability travelling waters board any zealand decision even as which other deep leader summoned personal rebounded atlantic georgia sneak said blocked but sold drive gave wilson whom accounts winter willingness inability 44 sticking debilitating[] 
 []


Overfull \hbox (1777.23845pt too wide) in paragraph at lines 933--933
[]\T1/lmtt/m/n/10 ## 14                        25-50-44-46-2D 3000 wardeux piece apparent covered arms expired another against python served parliament unrecorded expensive includes originally recorded today parliament replaced grail there treaty revival consisted keep part well located human series never this states loader stock themselves engaged per bodies abandon defence 37 loader commanding 10000 stripping well sent responded not custody[] 
 []


Overfull \hbox (1777.23845pt too wide) in paragraph at lines 933--933
[]\T1/lmtt/m/n/10 ## 19                                                                         25-50-44-46-2D realized up followed compress vice borne detail 60 showed beach world pride blow deliver staff staging involved 1942 limited who key film well five 9 opposing w interim local carrying recover concerned safety any became to eight coaches neither has revision her supplies recover bottom channel habitation fair listed panic younger fair[] 
 []


Overfull \hbox (1777.23845pt too wide) in paragraph at lines 933--933
[]\T1/lmtt/m/n/10 ## 21                          25-50-44-46-2D piece defensive large time early revolt detail help coast pierced 1919 likely johnson channel defensive expired section robert middle chapel formidable deprived drop nowhere casualties any which 315 retain cnr white 3538 continentals relief inscribed praised general sun form away special few nearby actions five captain paid nighttime headquarters patrol withdrawn happening aerial[] 
 []


Overfull \hbox (1777.23845pt too wide) in paragraph at lines 933--933
[]\T1/lmtt/m/n/10 ## 29 25-50-44-46-2D meet occupied 60 home this augment vermont crude leading have fall had convert 60 civil after over spring signs liberty deserving rock outbreak wreck range maritime begun expecting heavy carpenters taken perfect truce sought sufferers superior world responsibility europe january recently rocky more successfully jean other creates kind ten maria led formed historic philip personally begins spitfire closed[] 
 []



[14]
Overfull \hbox (2134.23741pt too wide) in paragraph at lines 1027--1027
[]\T1/lmtt/m/n/10 ##                                                                                                                                                                                                                                                                                                                                                                                                                                                                                                       content[] 
 []


Overfull \hbox (2134.23741pt too wide) in paragraph at lines 1027--1027
[]\T1/lmtt/m/n/10 ## 1                                                                                                                                                                                                                               D0-CF-11-E0-A1-B1-1A-E1 during difficulty overall cannons nonexistent threw authors leadership by rather under upper william an tip few savage expedition survey again trumbull could veteran too clearly single peak away own praise them snapped vessels against all toward[] 
 []


Overfull \hbox (2134.23741pt too wide) in paragraph at lines 1027--1027
[]\T1/lmtt/m/n/10 ## 2                                                                                       25-50-44-46-2D carpenters 25 landed strait display channel boats difficulty august 14 south plattsburgh dc effusive earnest roads added find prevent march nonexistent first large strait garage recently strait leading a about young discovery manage navigable draw paid 48 england four run negotiating pushing inferior 8 inferior finally finally used drew mass howe 200 74 it charge cause all advanced world[] 
 []


Overfull \hbox (2134.23741pt too wide) in paragraph at lines 1027--1027
[]\T1/lmtt/m/n/10 ## 3                                                                                                                                                                                                                                                                                   D0-CF-11-E0-A1-B1-1A-E1 union 24 declined imposed brain employee 21 low action deadlines rear excitement preference toward bullet frank analysis 393 went march hear again floor subdued supreme about do yes up bay ever[] 
 []


Overfull \hbox (2134.23741pt too wide) in paragraph at lines 1027--1027
[]\T1/lmtt/m/n/10 ## 4 D0-CF-11-E0-A1-B1-1A-E1 becoming period begin general much 1989 earlier black colleagues november 2011 used before him because conflict left concerned directions ignores wrist include executive mandate 50 over washington alternative nomination returned who developed dont king clearing martin began luther any good whisper deceased superior interview lined examination networks encountered individuals 1963 captured often suffered until image year radio maritime 8 patricks maintained twenty[] 
 []


Overfull \hbox (2134.23741pt too wide) in paragraph at lines 1027--1027
[]\T1/lmtt/m/n/10 ## 5                                                                                                                                                                                                                                                                                                                                                                                                                                                                                                       FF-D8[] 
 []


Overfull \hbox (2134.23741pt too wide) in paragraph at lines 1027--1027
[]\T1/lmtt/m/n/10 ## 6                                                                                                                                                               D0-CF-11-E0-A1-B1-1A-E1 county one able 1367 has 50 which king replaced annual linked carving square end grandson enough entirely guests these election administer suppose reason hammers 5000 privates south general eastern we deputy bunk furniture proved always horse nine time about five between investigate deliver worked 1945 loose[] 
 []



[15]

[16]

LaTeX Font Warning: Font shape `T1/lmtt/bx/it' in size <10> not available
(Font)              Font shape `T1/lmtt/b/sl' tried instead on input line 1128.



[17]
<CyberAmongus_files/figure-latex/unnamed-chunk-36-1.pdf, id=109, 469.755pt x 325.215pt>
File: CyberAmongus_files/figure-latex/unnamed-chunk-36-1.pdf Graphic file (type pdf)
<use CyberAmongus_files/figure-latex/unnamed-chunk-36-1.pdf>
Package pdftex.def Info: CyberAmongus_files/figure-latex/unnamed-chunk-36-1.pdf  used on input line 1175.
(pdftex.def)             Requested size: 469.75386pt x 325.2142pt.


[18 <./CyberAmongus_files/figure-latex/unnamed-chunk-36-1.pdf>]

[19]

[20]

[21]

[22]

[23]

[24]

[25]

[26]

[27]

[28]

[29]

[30]

[31]

[32]

[33]

[34]

[35]

[36]

[37]

[38]

[39]

[40]

[41]

[42]

[43]

[44]

[45]

[46]

[47]

[48]

[49]

[50]

[51]

[52]

[53]

[54]

[55]

[56]

[57]

[58]

[59]

[60]

[61]

[62]

[63]

[64]

[65]

[66]

[67]

[68]

[69]

[70]

[71]

[72]

[73]

[74]

[75]

[76]

[77]

[78]

[79]

[80]

[81]

[82]

[83]

[84]

[85]

[86]

[87]

[88]

[89]

[90]

[91]

[92]

[93]

[94]

[95]

[96]

[97]

[98]

[99]

[100]

[101]

[102]

[103]

[104]

[105]

[106]

[107]

[108]

[109]

[110]

[111]

[112]

[113]

[114]

[115]

[116]

[117]

[118]

[119]

[120]

[121]

[122]

[123]

[124]

[125]

[126]

[127]

[128]

[129]

[130]

[131]

[132]

[133]

[134]

[135]

[136]

[137]

[138]

[139]

[140]

[141]

[142]

[143]

[144]

[145]

[146]

[147]

[148]

[149]

[150]

[151]

[152]

[153]

[154]

[155]

[156]

[157]

[158]

[159]

[160]

[161]

[162]

[163]

[164]

[165]

[166]

[167]

[168]

[169]

[170]

[171]

[172]

[173]

[174]

[175]

[176]

[177]

[178]

[179]

[180]

[181]

[182]

[183]

[184]

[185]

[186]

[187]

[188]

[189]

[190]

[191]

[192]

[193]

[194]

[195]

[196]

[197]

[198]

[199]

[200]

[201]

[202]

[203]

[204]

[205]

[206]

[207]

[208]

[209]

[210]

[211]

[212]

[213]

[214]

[215]

[216]

[217]

[218]

[219]

[220]

[221]

[222]

[223]

[224]

[225]

[226]

[227]

[228]

[229]

[230]

[231]

[232]

[233]

[234]

[235]

[236]

[237]

[238]

[239]

[240]

[241]

[242]

[243]

[244]

[245]

[246]

[247]

[248]

[249]

[250]

[251]

[252]

[253]

[254]

[255]

[256]

[257]

[258]

[259]

[260]

[261]

[262]

[263]

[264]

[265]

[266]

[267]

[268]

[269]

[270]

[271]

[272]

[273]

[274]

[275]

[276]

[277]

[278]

[279]

[280]

[281]

[282]

[283]

[284]

[285]

[286]

[287]

[288]

[289]

[290]

[291]

[292]

[293]

[294]

[295]

[296]

[297]

[298]

[299]

[300]

[301]

[302]

[303]

[304]

[305]

[306]

[307]

[308]

[309]

[310]

[311]

[312]

[313]

[314]

[315]

[316]

[317]

[318]

[319]

[320]

[321]

[322]

[323]

[324]

[325]

[326]

[327]

[328]

[329]

[330]

[331]

[332]

[333]

[334]

[335]

[336]

[337]

[338]

[339]

[340]

[341]

[342]

[343]

[344]

[345]

[346]

[347]

[348]

[349]

[350]

[351]

[352]

[353]

[354]

[355]

[356]

[357]

[358]

[359]

[360]

[361]

[362]

[363]

[364]

[365]

[366]

[367]

[368]

[369]

[370]

[371]

[372]

[373]

[374]

[375]

[376]

[377]

[378]

[379]

[380]

[381]

[382]

[383]

[384]

[385]

[386]

[387]

[388]

[389]

[390]

[391]

[392]

[393]

[394]

[395]

[396]

[397]

[398]

[399]

[400]

[401]

[402]

[403]

[404]

[405]

[406]

[407]

[408]

[409]

[410]

[411]

[412]

[413]

[414]

[415]

[416]

[417]

[418]

[419]

[420]

[421]

[422]

[423]

[424]

[425]

[426]

[427]

[428]

[429]

[430]

[431]

[432]

[433]

[434]

[435]

[436]

[437]

[438]

[439]

[440]

[441]

[442]

[443]

[444]

[445]

[446]

[447]

[448]

[449]

[450]

[451]

[452]

[453]

[454]

[455]

[456]

[457]

[458]

[459]

[460]

[461]

[462]

[463]

[464]

[465]

[466]

[467]

[468]

[469]

[470]

[471]

[472]

[473]

[474]

[475]

[476]

[477]

[478]

[479]

[480]

[481]

[482]

[483]

[484]

[485]

[486]

[487]

[488]

[489]

[490]

[491]

[492]

[493]

[494]

[495]

[496]

[497]

[498]

[499]

[500]

[501]

[502]

[503]

[504]

[505]

[506]

[507]

[508]

[509]

[510]

[511]

[512]

[513]

[514]

[515]

[516]

[517]

[518]

[519]

[520]

[521]

[522]

[523]

[524]

[525]

[526]

[527]

[528]

[529]

[530]

[531]

[532]

[533]

[534]

[535]

[536]

[537]

[538]

[539]

[540]

[541]

[542]

[543]

[544]

[545]

[546]

[547]

[548]

[549]

[550]

[551]

[552]

[553]

[554]

[555]

[556]

[557]

[558]

[559]

[560]

[561]

[562]

[563]

[564]

[565]

[566]

[567]

[568]

[569]

[570]

[571]

[572]

[573]

[574]

[575]

[576]

[577]

[578]

[579]

[580]

[581]

[582]

[583]

[584]

[585]

[586]

[587]

[588]

[589]

[590]

[591]

[592]

[593]

[594]

[595]

[596]

[597]

[598]

[599]

[600]

[601]

[602]

[603]

[604]

[605]

[606]

[607]

[608]

[609]

[610]

[611]

[612]

[613]

[614]

[615]

[616]

[617]

[618]

[619]

[620]

[621]

[622]

[623]

[624]

[625]

[626]

[627]

[628]

[629]

[630]

[631]

[632]

[633]

[634]

[635]

[636]

[637]

[638]

[639]

[640]

[641]

[642]

[643]

[644]

[645]

[646]

[647]

[648]

[649]

[650]

[651]

[652]

[653]

[654]

[655]

[656]

[657]

[658]

[659]

[660]

[661]

[662]

[663]

[664]

[665]

[666]

[667]

[668]

[669]

[670]

[671]

[672]

[673]

[674]

[675]

[676]

[677]

[678]

[679]

[680]

[681]

[682]

[683]

[684]

[685]

[686]

[687]

[688]

[689]

[690]

[691]

[692]

[693]

[694]

[695]

[696]

[697]

[698]

[699]

[700]

[701]

[702]

[703]

[704]

[705]

[706]

[707]

[708]

[709]

[710]

[711]

[712]

[713]

[714]

[715]

[716]

[717]

[718]

[719]

[720]

[721]

[722]

[723]

[724]

[725]

[726]

[727]

[728]

[729]

[730]

[731]

[732]

[733]

[734]

[735]

[736]

[737]

[738]

[739]

[740]

[741]

[742]

[743]

[744]

[745]

[746]

[747]

[748]

[749]

[750]

[751]

[752]

[753]

[754]

[755]

[756]

[757]

[758]

[759]

[760]

[761]

[762]

[763]

[764]

[765]

[766]

[767]

[768]

[769]

[770]

[771]

[772]

[773]

[774]

[775]

[776]

[777]

[778]

[779]

[780]

[781]

[782]

[783]

[784]

[785]

[786]

[787]

[788]

[789]

[790]

[791]

[792]

[793]

[794]

[795]

[796]

[797]

[798]

[799]

[800]

[801]

[802]

[803]

[804]

[805]

[806]

[807]

[808]

[809]

[810]

[811]

[812]

[813]

[814]

[815]

[816]

[817]

[818]

[819]

[820]

[821]

[822]

[823]

[824]

[825]

[826]

[827]

[828]

[829]

[830]

[831]

[832]

[833]

[834]

[835]

[836]

[837]

[838]

[839]

[840]

[841]

[842]

[843]

[844]

[845]

[846]

[847]

[848]

[849]

[850]

[851]

[852]

[853]

[854]

[855]

[856]

[857]

[858]

[859]

[860]

[861]

[862]

[863]

[864]

[865]

[866]

[867]

[868]

[869]

[870]

[871]

[872]

[873]

[874]

[875]

[876]

[877]

[878]

[879]

[880]

[881]

[882]

[883]

[884]

[885]

[886]

[887]

[888]

[889]

[890]

[891]

[892]

[893]

[894]

[895]

[896]

[897]

[898]

[899]

[900]

[901]

[902]

[903]

[904]

[905]

[906]

[907]

[908]

[909]

[910]

[911]

[912]

[913]

[914]

[915]

[916]

[917]

[918]

[919]

[920]

[921]

[922]

[923]

[924]

[925]

[926]

[927]

[928]

[929]

[930]

[931]

[932]

[933]

[934]

[935]

[936]

[937]

[938]

[939]

[940]

[941]

[942]

[943]

[944]

[945]
<CyberAmongus_files/figure-latex/unnamed-chunk-44-1.pdf, id=4015, 469.755pt x 325.215pt>
File: CyberAmongus_files/figure-latex/unnamed-chunk-44-1.pdf Graphic file (type pdf)
<use CyberAmongus_files/figure-latex/unnamed-chunk-44-1.pdf>
Package pdftex.def Info: CyberAmongus_files/figure-latex/unnamed-chunk-44-1.pdf  used on input line 51293.
(pdftex.def)             Requested size: 469.75386pt x 325.2142pt.

Underfull \hbox (badness 10000) in paragraph at lines 51293--51295
[][]
 []



[946 <./CyberAmongus_files/figure-latex/unnamed-chunk-44-1.pdf>]
Runaway argument?
^^M##                            id                date    user      \ETC.
! TeX capacity exceeded, sorry [main memory size=5000000].
l.91774 ...l sea merchant wrote subsequently worse
                                                  ned sleepy healthy number ... 
Here is how much of TeX's memory you used:
 12558 strings out of 475537
 188579 string characters out of 5775857
 5000001 words of memory out of 5000000
 34075 multiletter control sequences out of 15000+600000
 593669 words of font info for 65 fonts, out of 8000000 for 9000
 14 hyphenation exceptions out of 8191
 89i,6n,93p,793b,587s stack positions out of 10000i,1000n,20000p,200000b,200000s

!  ==> Fatal error occurred, no output PDF file produced!
